14:07:34.191 [main] INFO  - Goto my account-->Click on Login.. 
14:07:34.883 [main] INFO  - Entering email and password.. 
14:07:35.559 [main] INFO  - clicked on login button...
15:21:51.876 [main] INFO  - Goto my account-->Click on Login.. 
15:21:53.135 [main] INFO  - Entering email and password.. 
15:21:54.620 [main] INFO  - clicked on login button...
15:32:55.009 [main] INFO  - Goto my account-->Click on Login.. 
15:32:55.760 [main] INFO  - Entering email and password.. 
15:32:56.517 [main] INFO  - clicked on login button...
15:44:58.490 [main] INFO  - Goto my account-->Click on Login.. 
15:44:59.375 [main] INFO  - Entering email and password.. 
15:45:00.720 [main] INFO  - clicked on login button...
11:24:02.941 [pool-3-thread-1] INFO  - Goto my account-->Click on Login.. 
11:24:03.761 [pool-3-thread-1] INFO  - Entering email and password.. 
11:24:06.101 [pool-3-thread-1] INFO  - clicked on login button...
11:25:07.956 [main] INFO  - Goto my account-->Click on Login.. 
11:25:08.604 [main] INFO  - Entering email and password.. 
11:25:09.732 [main] INFO  - clicked on login button...
11:27:34.728 [main] INFO  - Goto my account-->Click on Login.. 
11:27:35.361 [main] INFO  - Entering email and password.. 
11:27:36.283 [main] INFO  - clicked on login button...
11:28:39.062 [pool-3-thread-1] INFO  - Goto my account-->Click on Login.. 
11:28:39.709 [pool-3-thread-1] INFO  - Entering email and password.. 
11:28:41.527 [pool-3-thread-1] INFO  - clicked on login button...
11:30:58.762 [main] INFO  - Goto my account-->Click on Login.. 
11:30:59.506 [main] INFO  - Entering email and password.. 
11:31:00.817 [main] INFO  - clicked on login button...
11:32:42.541 [main] INFO  - Goto my account-->Click on Login.. 
11:32:46.118 [main] INFO  - Entering email and password.. 
11:32:47.244 [main] INFO  - clicked on login button...
11:34:08.134 [main] INFO  - Goto my account-->Click on Login.. 
11:34:08.801 [main] INFO  - Entering email and password.. 
11:34:10.471 [main] INFO  - clicked on login button...
11:45:34.561 [main] INFO  - Goto my account-->Click on Login.. 
11:45:35.241 [main] INFO  - Entering email and password.. 
11:45:36.544 [main] INFO  - clicked on login button...
11:48:32.063 [main] INFO  - Goto my account-->Click on Login.. 
11:48:32.749 [main] INFO  - Entering email and password.. 
11:48:34.206 [main] INFO  - clicked on login button...
12:19:09.362 [main] INFO  - Goto my account-->Click on Login.. 
12:19:10.371 [main] INFO  - Entering email and password.. 
12:19:11.738 [main] INFO  - clicked on login button...
12:24:14.670 [main] INFO  - Goto my account-->Click on Login.. 
12:24:15.551 [main] INFO  - Entering email and password.. 
12:24:16.857 [main] INFO  - clicked on login button...
12:25:59.705 [main] INFO  - Goto my account-->Click on Login.. 
12:26:00.443 [main] INFO  - Entering email and password.. 
12:26:01.724 [main] INFO  - clicked on login button...
12:40:21.946 [main] INFO  - Goto my account-->Click on Login.. 
12:40:22.616 [main] INFO  - Entering email and password.. 
12:40:24.212 [main] INFO  - clicked on login button...
12:48:13.135 [main] INFO  - Goto my account-->Click on Login.. 
12:48:14.187 [main] INFO  - Entering email and password.. 
12:48:15.338 [main] INFO  - clicked on login button...
07:20:02.541 [main] INFO  - Goto my account-->Click on Login.. 
07:20:03.687 [main] INFO  - Entering email and password.. 
07:20:04.885 [main] INFO  - clicked on login button...
07:26:07.255 [main] INFO  - Goto my account-->Click on Login.. 
07:26:08.073 [main] INFO  - Entering email and password.. 
07:26:08.937 [main] INFO  - clicked on login button...
07:27:45.855 [main] INFO  - Goto my account-->Click on Login.. 
07:27:46.685 [main] INFO  - Entering email and password.. 
07:27:47.506 [main] INFO  - clicked on login button...
07:42:18.774 [main] INFO  - Goto my account-->Click on Login.. 
07:42:19.621 [main] INFO  - Entering email and password.. 
07:42:20.495 [main] INFO  - clicked on login button...
07:44:30.850 [main] INFO  - Goto my account-->Click on Login.. 
07:44:31.695 [main] INFO  - Entering email and password.. 
07:44:32.578 [main] INFO  - clicked on login button...
07:46:04.249 [main] INFO  - Goto my account-->Click on Login.. 
07:46:05.043 [main] INFO  - Entering email and password.. 
07:46:05.916 [main] INFO  - clicked on login button...
07:52:55.919 [main] INFO  - Goto my account-->Click on Login.. 
07:52:56.718 [main] INFO  - Entering email and password.. 
07:52:57.593 [main] INFO  - clicked on login button...
19:42:36.986 [main] INFO  - Goto my account-->Click on Login.. 
19:42:48.181 [main] INFO  - Entering email and password.. 
19:42:53.826 [main] INFO  - clicked on login button...
19:46:56.123 [main] INFO  - Goto my account-->Click on Login.. 
19:47:07.263 [main] INFO  - Entering email and password.. 
19:47:12.960 [main] INFO  - clicked on login button...
19:48:34.293 [main] INFO  - Goto my account-->Click on Login.. 
19:48:35.457 [main] INFO  - Entering email and password.. 
19:48:36.162 [main] INFO  - clicked on login button...
20:20:23.457 [main] INFO  - Goto my account-->Click on Login.. 
20:20:24.526 [main] INFO  - Entering email and password.. 
20:20:26.606 [main] INFO  - clicked on login button...
20:20:35.449 [main] INFO  - Goto my account-->Click on Login.. 
20:20:36.549 [main] INFO  - Entering email and password.. 
20:20:37.229 [main] INFO  - clicked on login button...
21:06:50.127 [main] INFO  - Goto my account-->Click on Login.. 
21:06:51.630 [main] DEBUG - Parsing relationship: /xl/_rels/workbook.xml.rels
21:06:51.638 [main] DEBUG - Parsing relationship: /xl/worksheets/_rels/sheet1.xml.rels
21:06:51.644 [main] DEBUG - Parsing relationship: /_rels/.rels
21:06:52.024 [main] TRACE - Loading type system org.apache.poi.schemas.ooxml.system.ooxml
21:06:52.030 [main] TRACE - Loading type system org.apache.xmlbeans.metadata.system.sXMLCONFIG
21:06:52.033 [main] TRACE - Loading type system org.apache.xmlbeans.metadata.system.sXMLLANG
21:06:52.034 [main] TRACE - Loading type system org.apache.xmlbeans.metadata.system.sXMLSCHEMA
21:06:52.036 [main] TRACE - Loading type system org.apache.xmlbeans.metadata.system.sXMLTOOLS
21:06:52.038 [main] TRACE - Reading unresolved handles for type system org.apache.xmlbeans.metadata.system.sXMLTOOLS
21:06:52.063 [main] TRACE - Finished loading type system org.apache.xmlbeans.metadata.system.sXMLTOOLS
21:06:52.066 [main] TRACE - Reading unresolved handles for type system org.apache.xmlbeans.metadata.system.sXMLSCHEMA
21:06:52.078 [main] TRACE - Finished loading type system org.apache.xmlbeans.metadata.system.sXMLSCHEMA
21:06:52.090 [main] TRACE - Reading unresolved handles for type system org.apache.xmlbeans.metadata.system.sXMLLANG
21:06:52.092 [main] TRACE - Finished loading type system org.apache.xmlbeans.metadata.system.sXMLLANG
21:06:52.095 [main] TRACE - Reading unresolved handles for type system org.apache.xmlbeans.metadata.system.sXMLCONFIG
21:06:52.097 [main] TRACE - Finished loading type system org.apache.xmlbeans.metadata.system.sXMLCONFIG
21:06:52.099 [main] TRACE - Reading unresolved handles for type system org.apache.poi.schemas.ooxml.system.ooxml
21:06:52.263 [main] TRACE - Finished loading type system org.apache.poi.schemas.ooxml.system.ooxml
21:06:52.265 [main] TRACE - Resolving type for handle themefd26doctype
21:06:52.400 [main] TRACE - Resolving type for handle stylesheet5d8bdoctype
21:06:52.419 [main] TRACE - Resolving type for handle ctstylesheet4257type
21:06:52.432 [main] TRACE - Resolving type for handle ctfonts6623type
21:06:52.440 [main] TRACE - Resolving type for handle ctfont14d8type
21:06:52.455 [main] TRACE - Resolving type for handle ctfills2c6ftype
21:06:52.461 [main] TRACE - Resolving type for handle ctfill550ctype
21:06:52.465 [main] TRACE - Resolving type for handle ctborders0d66type
21:06:52.471 [main] TRACE - Resolving type for handle ctborderf935type
21:06:52.480 [main] TRACE - Resolving type for handle ctcellxfs1322type
21:06:52.487 [main] TRACE - Resolving type for handle ctxf97f7type
21:06:52.496 [main] TRACE - Resolving type for handle ctcellstylexfsa81ftype
21:06:52.500 [main] TRACE - Resolving type for handle ctdxfsb26atype
21:06:52.506 [main] TRACE - Resolving type for handle cttablestyles872ftype
21:06:52.513 [main] TRACE - Resolving type for handle sstf81fdoctype
21:06:52.525 [main] TRACE - Resolving type for handle ctsst44f3type
21:06:52.544 [main] TRACE - Resolving type for handle ctrsta472type
21:06:52.619 [main] DEBUG - using default POIXMLDocumentPart for http://schemas.openxmlformats.org/officeDocument/2006/relationships/printerSettings
21:06:52.623 [main] TRACE - Resolving type for handle workbookec17doctype
21:06:52.640 [main] TRACE - Resolving type for handle ctworkbook83c3type
21:06:52.649 [main] TRACE - Resolving type for handle ctsheets49fdtype
21:06:52.654 [main] TRACE - Resolving type for handle ctsheet4dbetype
21:06:52.659 [main] TRACE - Resolving type for handle strelationshipid1e94type
21:06:52.663 [main] TRACE - Resolving type for handle worksheetf539doctype
21:06:52.683 [main] TRACE - Resolving type for handle ctworksheet530dtype
21:06:52.707 [main] TRACE - Resolving type for handle ctcols627ctype
21:06:52.720 [main] TRACE - Resolving type for handle ctcola95ftype
21:06:52.768 [main] TRACE - Resolving type for handle ctsheetdata8408type
21:06:52.774 [main] TRACE - Resolving type for handle ctrowdd39type
21:06:52.784 [main] TRACE - Resolving type for handle ctcell842btype
21:06:52.797 [main] TRACE - Resolving type for handle stcellrefe4e0type
21:06:52.810 [main] TRACE - Resolving type for handle cthyperlinks6416type
21:06:52.817 [main] TRACE - Resolving type for handle cthyperlink0c85type
21:06:52.838 [main] TRACE - Resolving type for handle stxstringf179type
21:06:52.846 [main] TRACE - Resolving type for handle stcelltypebf95type
21:07:16.620 [main] INFO  - Goto my account-->Click on Login.. 
21:07:19.003 [main] DEBUG - Parsing relationship: /xl/_rels/workbook.xml.rels
21:07:19.007 [main] DEBUG - Parsing relationship: /xl/worksheets/_rels/sheet1.xml.rels
21:07:19.012 [main] DEBUG - Parsing relationship: /_rels/.rels
21:07:19.129 [main] DEBUG - using default POIXMLDocumentPart for http://schemas.openxmlformats.org/officeDocument/2006/relationships/printerSettings
21:07:32.584 [main] INFO  - Goto my account-->Click on Login.. 
21:07:33.658 [main] DEBUG - Parsing relationship: /xl/_rels/workbook.xml.rels
21:07:33.662 [main] DEBUG - Parsing relationship: /xl/worksheets/_rels/sheet1.xml.rels
21:07:33.680 [main] DEBUG - Parsing relationship: /_rels/.rels
21:07:33.745 [main] DEBUG - using default POIXMLDocumentPart for http://schemas.openxmlformats.org/officeDocument/2006/relationships/printerSettings
21:07:46.214 [main] INFO  - Goto my account-->Click on Login.. 
21:07:47.476 [main] DEBUG - Parsing relationship: /xl/_rels/workbook.xml.rels
21:07:47.480 [main] DEBUG - Parsing relationship: /xl/worksheets/_rels/sheet1.xml.rels
21:07:47.486 [main] DEBUG - Parsing relationship: /_rels/.rels
21:07:47.571 [main] DEBUG - using default POIXMLDocumentPart for http://schemas.openxmlformats.org/officeDocument/2006/relationships/printerSettings
21:08:08.076 [main] INFO  - Goto my account-->Click on Login.. 
21:08:09.187 [main] DEBUG - Parsing relationship: /xl/_rels/workbook.xml.rels
21:08:09.191 [main] DEBUG - Parsing relationship: /xl/worksheets/_rels/sheet1.xml.rels
21:08:09.225 [main] DEBUG - Parsing relationship: /_rels/.rels
21:08:09.310 [main] DEBUG - using default POIXMLDocumentPart for http://schemas.openxmlformats.org/officeDocument/2006/relationships/printerSettings
21:26:44.942 [main] INFO  - Goto my account-->Click on Login.. 
21:26:46.232 [main] INFO  - Entering email and password.. 
21:26:46.902 [main] INFO  - clicked on login button...
21:33:19.453 [main] INFO  - Goto my account-->Click on Login.. 
21:33:20.535 [main] INFO  - Entering email and password.. 
21:33:22.039 [main] INFO  - clicked on login button...
21:36:13.857 [main] INFO  - Goto my account-->Click on Login.. 
21:36:14.915 [main] INFO  - Entering email and password.. 
21:36:15.599 [main] INFO  - clicked on login button...
21:37:45.471 [main] INFO  - Goto my account-->Click on Login.. 
21:37:46.918 [main] INFO  - Entering email and password.. 
21:37:48.922 [main] INFO  - clicked on login button...
08:54:54.001 [main] INFO  - Goto my account-->Click on Login.. 
08:54:55.219 [main] INFO  - Entering email and password.. 
08:54:57.546 [main] INFO  - clicked on login button...
